2023-04-15 18:04:37,345 - withdraw.py - line:123 - INFO - ----------准备加密---------- -51508
2023-04-15 18:04:52,527 - withdraw.py - line:134 - INFO - ----------加密完成---------- -51508
2023-04-15 18:05:21,931 - withdraw.py - line:120 - INFO - 已经加密过了 -51508
2023-04-15 18:05:29,350 - withdraw.py - line:123 - INFO - ----------准备加密---------- -51535
2023-04-15 18:05:37,242 - withdraw.py - line:134 - INFO - ----------加密完成---------- -51535
2023-04-15 18:09:37,700 - withdraw.py - line:56 - INFO - 请注意：当前正在提取【ETH】到【ETH-ERC20】链上，共2个地址，0.034个ETH等待提币(未统计随机数) -51650
2023-04-15 18:12:29,133 - withdraw.py - line:56 - INFO - 请注意：当前正在提取【ETH】到【ETH-ERC20】链上，共2个地址，0.034个ETH等待提币(未统计随机数) -51693
2023-04-15 18:15:21,697 - withdraw.py - line:56 - INFO - 请注意：当前正在提取【ETH】到【ETH-ERC20】链上，共2个地址，0.034个ETH等待提币(未统计随机数) -51847
2023-04-15 18:15:41,776 - withdraw.py - line:56 - INFO - 请注意：当前正在提取【ETH】到【ETH-ERC20】链上，共2个地址，0.034个ETH等待提币(未统计随机数) -51864
2023-04-15 18:21:47,911 - withdraw.py - line:56 - INFO - 请注意：当前正在提取【ETH】到【ETH-ERC20】链上，共2个地址，0.034个ETH等待提币(未统计随机数) -52136
2023-04-15 18:21:52,751 - withdraw.py - line:83 - INFO - 0x3f1fFfD0b2155F715eD2e8cA95f6dDc41427034E】提币失败！API Request Error(code=50110): Your IP 194.195.90.125 is not in linking trusted IP addresses -52136
2023-04-15 18:22:00,800 - withdraw.py - line:83 - INFO - 0x3f1fFfD0b2155F715eD2e8cA95f6dDc41427034E】提币失败！API Request Error(code=50110): Your IP 194.195.90.125 is not in linking trusted IP addresses -52136
2023-04-15 18:22:08,851 - withdraw.py - line:83 - INFO - 0x3f1fFfD0b2155F715eD2e8cA95f6dDc41427034E】提币失败！API Request Error(code=50110): Your IP 194.195.90.125 is not in linking trusted IP addresses -52136
2023-04-15 18:22:19,936 - withdraw.py - line:83 - INFO - 0x3f1fFfD0b2155F715eD2e8cA95f6dDc41427034E】提币失败！API Request Error(code=50110): Your IP 194.195.90.125 is not in linking trusted IP addresses -52136
2023-04-15 18:23:02,007 - withdraw.py - line:178 - INFO - 输入的密码位数错误，需要位16位或者16的倍数位 -52170
2023-04-15 18:23:58,058 - withdraw.py - line:178 - INFO - 输入的密码位数错误，需要位16位或者16的倍数位 -52202
2023-04-15 18:24:11,320 - withdraw.py - line:94 - INFO - 查询余额失败:API Request Error(code=50110): Your IP 194.195.90.125 is not in linking trusted IP addresses -52202
2023-04-15 18:33:21,296 - withdraw.py - line:57 - INFO - 请注意：当前正在提取【ETH】到【ETH-ERC20】链上，共2个地址，0.034个ETH等待提币(未统计随机数) -52539
2023-04-15 18:33:25,433 - withdraw.py - line:84 - INFO - 0x3f1fFfD0b2155F715eD2e8cA95f6dDc41427034E】提币失败！API Request Error(code=50110): Your IP 194.195.90.125 is not in linking trusted IP addresses -52539
2023-04-15 18:33:42,014 - withdraw.py - line:179 - INFO - 输入的密码位数错误，需要位16位或者16的倍数位 -52551
2023-04-15 18:33:53,865 - withdraw.py - line:95 - INFO - 查询余额失败:API Request Error(code=50110): Your IP 194.195.90.125 is not in linking trusted IP addresses -52551
2023-04-15 18:59:40,535 - withdraw.py - line:127 - INFO - ----------准备加密---------- -53087
2023-04-15 18:59:47,937 - withdraw.py - line:138 - INFO - ----------加密完成---------- -53087
2023-04-15 19:03:19,477 - withdraw.py - line:124 - INFO - 已经加密过了 -53186
2023-04-15 19:04:21,375 - withdraw.py - line:127 - INFO - ----------准备加密---------- -53207
2023-04-15 19:04:32,087 - withdraw.py - line:149 - INFO - 加密失败：Incorrect IV length (it must be 16 bytes long) -53207
2023-04-15 19:04:43,468 - withdraw.py - line:127 - INFO - ----------准备加密---------- -53207
2023-04-15 19:04:50,405 - withdraw.py - line:149 - INFO - 加密失败：Incorrect IV length (it must be 16 bytes long) -53207
2023-04-15 19:05:11,769 - withdraw.py - line:127 - INFO - ----------准备加密---------- -53207
2023-04-15 19:05:14,684 - withdraw.py - line:149 - INFO - 加密失败：Incorrect IV length (it must be 16 bytes long) -53207
2023-04-15 19:05:21,841 - withdraw.py - line:127 - INFO - ----------准备加密---------- -53207
2023-04-15 19:05:24,123 - withdraw.py - line:149 - INFO - 加密失败：Incorrect IV length (it must be 16 bytes long) -53207
2023-04-15 19:06:17,166 - withdraw.py - line:127 - INFO - ----------准备加密---------- -53238
2023-04-15 19:06:19,159 - withdraw.py - line:150 - INFO - 加密失败：Incorrect IV length (it must be 16 bytes long) -53238
2023-04-15 19:07:45,693 - withdraw.py - line:128 - INFO - ----------准备加密---------- -53339
2023-04-15 19:07:47,539 - withdraw.py - line:151 - INFO - 加密失败：Incorrect IV length (it must be 16 bytes long) -53339
2023-04-15 19:09:51,349 - withdraw.py - line:128 - INFO - ----------准备加密---------- -53386
2023-04-15 19:09:53,908 - withdraw.py - line:151 - INFO - 加密失败：'str' object has no attribute 'hex' -53386
2023-04-15 19:12:24,041 - withdraw.py - line:128 - INFO - ----------准备加密---------- -53477
2023-04-15 19:12:24,160 - withdraw.py - line:147 - INFO - 输入的密码位数错误，需要位16位或者16的倍数位 -53477
2023-04-15 19:12:32,022 - withdraw.py - line:128 - INFO - ----------准备加密---------- -53477
2023-04-15 19:12:33,405 - withdraw.py - line:143 - INFO - ----------加密完成---------- -53477
2023-04-15 19:15:02,017 - withdraw.py - line:125 - INFO - 已经加密过了 -53530
2023-04-15 19:15:37,532 - withdraw.py - line:128 - INFO - ----------准备加密---------- -53543
2023-04-15 19:15:39,144 - withdraw.py - line:144 - INFO - ----------加密完成---------- -53543
2023-04-15 19:17:40,642 - withdraw.py - line:128 - INFO - ----------准备加密---------- -53599
2023-04-15 19:17:42,548 - withdraw.py - line:145 - INFO - ----------加密完成---------- -53599
2023-04-15 19:25:14,733 - withdraw.py - line:128 - INFO - ----------准备加密---------- -53984
2023-04-15 19:25:16,336 - withdraw.py - line:145 - INFO - ----------加密完成---------- -53984
2023-04-15 19:27:04,080 - withdraw.py - line:130 - INFO - ----------准备加密---------- -54059
2023-04-15 19:30:33,766 - withdraw.py - line:125 - INFO - ----------准备加密---------- -54164
2023-04-15 19:30:37,742 - withdraw.py - line:142 - INFO - ----------加密完成---------- -54164
2023-04-15 19:31:17,702 - withdraw.py - line:125 - INFO - ----------准备加密---------- -54195
2023-04-15 19:31:18,904 - withdraw.py - line:142 - INFO - ----------加密完成---------- -54195
2023-04-15 19:33:34,587 - withdraw.py - line:54 - INFO - 请注意：当前正在提取【ETH】到【ETH-ERC20】链上，共2个地址，0.034个ETH等待提币(未统计随机数) -54310
2023-04-15 19:34:04,502 - withdraw.py - line:54 - INFO - 请注意：当前正在提取【BSC】到【ETH-ERC200000】链上，共2个地址，0.034个BSC等待提币(未统计随机数) -54323
2023-04-15 19:34:53,278 - withdraw.py - line:54 - INFO - 请注意：当前正在提取【ETH】到【ETH-ERC20】链上，共2个地址，0.034个ETH等待提币(未统计随机数) -54335
2023-04-15 20:49:27,187 - withdraw.py - line:126 - INFO - ----------准备加密---------- -56658
2023-04-15 20:49:28,794 - withdraw.py - line:143 - INFO - ----------加密完成---------- -56658
2023-04-15 20:51:06,379 - withdraw.py - line:126 - INFO - ----------准备加密---------- -56696
2023-04-15 20:51:08,923 - withdraw.py - line:143 - INFO - ----------加密完成---------- -56696
2023-04-15 20:51:26,700 - withdraw.py - line:54 - INFO - 请注意：当前正在提取【ETH】到【ETH-ERC20】链上，共2个地址，0.034个ETH等待提币(未统计随机数) -56696
2023-04-15 20:51:39,461 - withdraw.py - line:92 - INFO - 查询余额失败:API Request Error(code=50110): Your IP 194.195.90.125 is not in linking trusted IP addresses -56696
2023-04-15 20:51:52,929 - withdraw.py - line:92 - INFO - 查询余额失败:API Request Error(code=50110): Your IP 194.195.90.125 is not in linking trusted IP addresses -56696
2023-04-15 21:15:45,979 - withdraw.py - line:126 - INFO - ----------准备加密---------- -57475
2023-04-15 21:15:57,208 - withdraw.py - line:143 - INFO - ----------加密完成---------- -57475
2023-04-15 21:16:34,301 - withdraw.py - line:54 - INFO - 请注意：当前正在提取【ETH】到【ETH-ERC20】链上，共2个地址，0.05个ETH等待提币(未统计随机数) -57475
2023-04-15 21:17:40,625 - withdraw.py - line:92 - INFO - 查询余额失败:API Request Error(code=50110): Your IP 194.195.90.125 is not in linking trusted IP addresses -57475
